20:10:01. 030 [main] INFO  testCases.TC001_AccountRegistraionTest - ** Clicked MyAccount Link **
20:10:01. 819 [main] INFO  testCases.TC001_AccountRegistraionTest - ** Clicked Register Link **
20:10:01. 827 [main] INFO  testCases.TC001_AccountRegistraionTest - *** Providing Customer Details ***
20:10:04. 240 [main] INFO  testCases.TC001_AccountRegistraionTest - *** Validating Expected Message ***
20:10:04. 319 [main] ERROR testCases.TC001_AccountRegistraionTest - test failed..
20:10:04. 319 [main] DEBUG testCases.TC001_AccountRegistraionTest - Debug logs
20:10:08. 789 [main] INFO  testCases.TC002_LoginTest - ***** Staring TC002_LoginTest *****
20:10:10. 575 [main] INFO  testCases.TC002_LoginTest - ***** Finished TC002_LogingTest *****
07:47:33. 668 [main] INFO  testCases.TC001_AccountRegistraionTest - ***** Starting TC001_AccountRegistrationTest *****
07:47:34. 417 [main] INFO  testCases.TC001_AccountRegistraionTest - ** Clicked MyAccount Link **
07:47:35. 094 [main] INFO  testCases.TC001_AccountRegistraionTest - ** Clicked Register Link **
07:47:35. 109 [main] INFO  testCases.TC001_AccountRegistraionTest - *** Providing Customer Details ***
07:47:38. 188 [main] INFO  testCases.TC001_AccountRegistraionTest - *** Validating Expected Message ***
07:47:44. 740 [main] INFO  testCases.TC002_LoginTest - ***** Staring TC002_LoginTest *****
07:47:47. 836 [main] INFO  testCases.TC002_LoginTest - ***** Finished TC002_LogingTest *****
07:49:04. 178 [main] INFO  testCases.TC001_AccountRegistraionTest - ***** Starting TC001_AccountRegistrationTest *****
07:49:04. 666 [main] INFO  testCases.TC001_AccountRegistraionTest - ** Clicked MyAccount Link **
07:49:05. 564 [main] INFO  testCases.TC001_AccountRegistraionTest - ** Clicked Register Link **
07:49:05. 577 [main] INFO  testCases.TC001_AccountRegistraionTest - *** Providing Customer Details ***
07:49:08. 942 [main] INFO  testCases.TC001_AccountRegistraionTest - *** Validating Expected Message ***
07:49:09. 036 [main] ERROR testCases.TC001_AccountRegistraionTest - test failed..
07:49:09. 036 [main] DEBUG testCases.TC001_AccountRegistraionTest - Debug logs
07:49:15. 057 [main] INFO  testCases.TC002_LoginTest - ***** Staring TC002_LoginTest *****
07:49:17. 419 [main] INFO  testCases.TC002_LoginTest - ***** Finished TC002_LogingTest *****
14:07:08. 357 [main] INFO  testCases.TC001_AccountRegistraionTest - ***** Starting TC001_AccountRegistrationTest *****
14:07:08. 564 [main] INFO  testCases.TC001_AccountRegistraionTest - ** Clicked MyAccount Link **
14:07:09. 141 [main] INFO  testCases.TC001_AccountRegistraionTest - ** Clicked Register Link **
14:07:09. 148 [main] INFO  testCases.TC001_AccountRegistraionTest - *** Providing Customer Details ***
14:07:11. 325 [main] INFO  testCases.TC001_AccountRegistraionTest - *** Validating Expected Message ***
14:07:15. 975 [main] INFO  testCases.TC002_LoginTest - ***** Staring TC002_LoginTest *****
14:07:17. 898 [main] INFO  testCases.TC002_LoginTest - ***** Finished TC002_LogingTest *****
18:48:03. 435 [main] INFO  testCases.TC001_AccountRegistraionTest - ***** Starting TC001_AccountRegistrationTest *****
19:42:26. 419 [main] INFO  testCases.TC001_AccountRegistraionTest - ***** Starting TC001_AccountRegistrationTest *****
19:42:26. 934 [main] INFO  testCases.TC001_AccountRegistraionTest - ** Clicked MyAccount Link **
19:42:28. 584 [main] INFO  testCases.TC001_AccountRegistraionTest - ** Clicked Register Link **
19:42:28. 604 [main] INFO  testCases.TC001_AccountRegistraionTest - *** Providing Customer Details ***
19:42:32. 455 [main] INFO  testCases.TC001_AccountRegistraionTest - *** Validating Expected Message ***
19:42:37. 069 [main] INFO  testCases.TC002_LoginTest - ***** Staring TC002_LoginTest *****
19:42:40. 666 [main] INFO  testCases.TC002_LoginTest - ***** Finished TC002_LogingTest *****
19:45:48. 784 [main] INFO  testCases.TC001_AccountRegistraionTest - ***** Starting TC001_AccountRegistrationTest *****
19:45:49. 078 [main] INFO  testCases.TC001_AccountRegistraionTest - ** Clicked MyAccount Link **
19:45:50. 060 [main] INFO  testCases.TC001_AccountRegistraionTest - ** Clicked Register Link **
19:45:50. 070 [main] INFO  testCases.TC001_AccountRegistraionTest - *** Providing Customer Details ***
19:45:53. 637 [main] INFO  testCases.TC001_AccountRegistraionTest - *** Validating Expected Message ***
19:45:56. 986 [main] INFO  testCases.TC002_LoginTest - ***** Staring TC002_LoginTest *****
19:45:59. 794 [main] INFO  testCases.TC002_LoginTest - ***** Finished TC002_LogingTest *****
19:46:18. 821 [main] INFO  testCases.TC001_AccountRegistraionTest - ***** Starting TC001_AccountRegistrationTest *****
19:46:19. 326 [main] INFO  testCases.TC001_AccountRegistraionTest - ** Clicked MyAccount Link **
19:46:20. 203 [main] INFO  testCases.TC001_AccountRegistraionTest - ** Clicked Register Link **
19:46:20. 209 [main] INFO  testCases.TC001_AccountRegistraionTest - *** Providing Customer Details ***
